# JRE version: Java(TM) SE Runtime Environment (8.0_101-b13) (build 1.8.0_101-b13)
# Java VM: Java HotSpot(TM) 64-Bit Server VM (25.101-b13 mixed mode windows-amd64 compressed oops)
Heap:
 PSYoungGen      total 52224K, used 45026K [0x00000000d5f00000, 0x00000000da900000, 0x0000000100000000)
  eden space 48128K, 86% used [0x00000000d5f00000,0x00000000d8771060,0x00000000d8e00000)
  from space 4096K, 88% used [0x00000000da500000,0x00000000da8878e0,0x00000000da900000)
  to   space 5120K, 0% used [0x00000000d9f00000,0x00000000d9f00000,0x00000000da400000)
 ParOldGen       total 61952K, used 6066K [0x0000000081c00000, 0x0000000085880000, 0x00000000d5f00000)
  object space 61952K, 9% used [0x0000000081c00000,0x00000000821ecb30,0x0000000085880000)
 Metaspace       used 25830K, capacity 26118K, committed 26496K, reserved 1073152K
  class space    used 3099K, capacity 3157K, committed 3200K, reserved 1048576K
GC Heap History (10 events):
Event: 0.846 GC heap before
{Heap before GC invocations=1 (full 0):
 PSYoungGen      total 38400K, used 33280K [0x00000000d5f00000, 0x00000000d8980000, 0x0000000100000000)
  eden space 33280K, 100% used [0x00000000d5f00000,0x00000000d7f80000,0x00000000d7f80000)
  from space 5120K, 0% used [0x00000000d8480000,0x00000000d8480000,0x00000000d8980000)
  to   space 5120K, 0% used [0x00000000d7f80000,0x00000000d7f80000,0x00000000d8480000)
 ParOldGen       total 87552K, used 0K [0x0000000081c00000, 0x0000000087180000, 0x00000000d5f00000)
  object space 87552K, 0% used [0x0000000081c00000,0x0000000081c00000,0x0000000087180000)
 Metaspace       used 12619K, capacity 12786K, committed 13184K, reserved 1060864K
  class space    used 1469K, capacity 1543K, committed 1664K, reserved 1048576K
Event: 0.851 GC heap after
Heap after GC invocations=1 (full 0):
 PSYoungGen      total 38400K, used 5109K [0x00000000d5f00000, 0x00000000d8980000, 0x0000000100000000)
  eden space 33280K, 0% used [0x00000000d5f00000,0x00000000d5f00000,0x00000000d7f80000)
  from space 5120K, 99% used [0x00000000d7f80000,0x00000000d847d5c8,0x00000000d8480000)
  to   space 5120K, 0% used [0x00000000d8480000,0x00000000d8480000,0x00000000d8980000)
 ParOldGen       total 87552K, used 946K [0x0000000081c00000, 0x0000000087180000, 0x00000000d5f00000)
  object space 87552K, 1% used [0x0000000081c00000,0x0000000081cec908,0x0000000087180000)
 Metaspace       used 12619K, capacity 12786K, committed 13184K, reserved 1060864K
  class space    used 1469K, capacity 1543K, committed 1664K, reserved 1048576K
}
Event: 1.476 GC heap before
{Heap before GC invocations=2 (full 0):
 PSYoungGen      total 38400K, used 38389K [0x00000000d5f00000, 0x00000000d8980000, 0x0000000100000000)
  eden space 33280K, 100% used [0x00000000d5f00000,0x00000000d7f80000,0x00000000d7f80000)
  from space 5120K, 99% used [0x00000000d7f80000,0x00000000d847d5c8,0x00000000d8480000)
  to   space 5120K, 0% used [0x00000000d8480000,0x00000000d8480000,0x00000000d8980000)
 ParOldGen       total 87552K, used 946K [0x0000000081c00000, 0x0000000087180000, 0x00000000d5f00000)
  object space 87552K, 1% used [0x0000000081c00000,0x0000000081cec908,0x0000000087180000)
 Metaspace       used 19440K, capacity 19714K, committed 20096K, reserved 1067008K
  class space    used 2276K, capacity 2351K, committed 2432K, reserved 1048576K
Event: 1.483 GC heap after
Heap after GC invocations=2 (full 0):
 PSYoungGen      total 38400K, used 5104K [0x00000000d5f00000, 0x00000000d8980000, 0x0000000100000000)
  eden space 33280K, 0% used [0x00000000d5f00000,0x00000000d5f00000,0x00000000d7f80000)
  from space 5120K, 99% used [0x00000000d8480000,0x00000000d897c010,0x00000000d8980000)
  to   space 5120K, 0% used [0x00000000d7f80000,0x00000000d7f80000,0x00000000d8480000)
 ParOldGen       total 87552K, used 4825K [0x0000000081c00000, 0x0000000087180000, 0x00000000d5f00000)
  object space 87552K, 5% used [0x0000000081c00000,0x00000000820b6590,0x0000000087180000)
 Metaspace       used 19440K, capacity 19714K, committed 20096K, reserved 1067008K
  class space    used 2276K, capacity 2351K, committed 2432K, reserved 1048576K
}
Event: 1.695 GC heap before
{Heap before GC invocations=3 (full 0):
 PSYoungGen      total 38400K, used 21752K [0x00000000d5f00000, 0x00000000d8980000, 0x0000000100000000)
  eden space 33280K, 50% used [0x00000000d5f00000,0x00000000d6f42390,0x00000000d7f80000)
  from space 5120K, 99% used [0x00000000d8480000,0x00000000d897c010,0x00000000d8980000)
  to   space 5120K, 0% used [0x00000000d7f80000,0x00000000d7f80000,0x00000000d8480000)
 ParOldGen       total 87552K, used 4825K [0x0000000081c00000, 0x0000000087180000, 0x00000000d5f00000)
  object space 87552K, 5% used [0x0000000081c00000,0x00000000820b6590,0x0000000087180000)
 Metaspace       used 20762K, capacity 21012K, committed 21248K, reserved 1069056K
  class space    used 2465K, capacity 2546K, committed 2560K, reserved 1048576K
Event: 1.702 GC heap after
Heap after GC invocations=3 (full 0):
 PSYoungGen      total 38400K, used 5110K [0x00000000d5f00000, 0x00000000daa00000, 0x0000000100000000)
  eden space 33280K, 0% used [0x00000000d5f00000,0x00000000d5f00000,0x00000000d7f80000)
  from space 5120K, 99% used [0x00000000d7f80000,0x00000000d847db80,0x00000000d8480000)
  to   space 5120K, 0% used [0x00000000da500000,0x00000000da500000,0x00000000daa00000)
 ParOldGen       total 87552K, used 5706K [0x0000000081c00000, 0x0000000087180000, 0x00000000d5f00000)
  object space 87552K, 6% used [0x0000000081c00000,0x0000000082192ad0,0x0000000087180000)
 Metaspace       used 20762K, capacity 21012K, committed 21248K, reserved 1069056K
  class space    used 2465K, capacity 2546K, committed 2560K, reserved 1048576K
}
Event: 1.702 GC heap before
{Heap before GC invocations=4 (full 1):
 PSYoungGen      total 38400K, used 5110K [0x00000000d5f00000, 0x00000000daa00000, 0x0000000100000000)
  eden space 33280K, 0% used [0x00000000d5f00000,0x00000000d5f00000,0x00000000d7f80000)
  from space 5120K, 99% used [0x00000000d7f80000,0x00000000d847db80,0x00000000d8480000)
  to   space 5120K, 0% used [0x00000000da500000,0x00000000da500000,0x00000000daa00000)
 ParOldGen       total 87552K, used 5706K [0x0000000081c00000, 0x0000000087180000, 0x00000000d5f00000)
  object space 87552K, 6% used [0x0000000081c00000,0x0000000082192ad0,0x0000000087180000)
 Metaspace       used 20762K, capacity 21012K, committed 21248K, reserved 1069056K
  class space    used 2465K, capacity 2546K, committed 2560K, reserved 1048576K
Event: 1.733 GC heap after
Heap after GC invocations=4 (full 1):
 PSYoungGen      total 38400K, used 0K [0x00000000d5f00000, 0x00000000daa00000, 0x0000000100000000)
  eden space 33280K, 0% used [0x00000000d5f00000,0x00000000d5f00000,0x00000000d7f80000)
  from space 5120K, 0% used [0x00000000d7f80000,0x00000000d7f80000,0x00000000d8480000)
  to   space 5120K, 0% used [0x00000000da500000,0x00000000da500000,0x00000000daa00000)
 ParOldGen       total 61952K, used 6058K [0x0000000081c00000, 0x0000000085880000, 0x00000000d5f00000)
  object space 61952K, 9% used [0x0000000081c00000,0x00000000821eab30,0x0000000085880000)
 Metaspace       used 20762K, capacity 21012K, committed 21248K, reserved 1069056K
  class space    used 2465K, capacity 2546K, committed 2560K, reserved 1048576K
}
Event: 2.095 GC heap before
{Heap before GC invocations=5 (full 1):
 PSYoungGen      total 38400K, used 33280K [0x00000000d5f00000, 0x00000000daa00000, 0x0000000100000000)
  eden space 33280K, 100% used [0x00000000d5f00000,0x00000000d7f80000,0x00000000d7f80000)
  from space 5120K, 0% used [0x00000000d7f80000,0x00000000d7f80000,0x00000000d8480000)
  to   space 5120K, 0% used [0x00000000da500000,0x00000000da500000,0x00000000daa00000)
 ParOldGen       total 61952K, used 6058K [0x0000000081c00000, 0x0000000085880000, 0x00000000d5f00000)
  object space 61952K, 9% used [0x0000000081c00000,0x00000000821eab30,0x0000000085880000)
 Metaspace       used 23825K, capacity 24180K, committed 24576K, reserved 1071104K
  class space    used 2851K, capacity 2962K, committed 3072K, reserved 1048576K
Event: 2.098 GC heap after
Heap after GC invocations=5 (full 1):
 PSYoungGen      total 52224K, used 3614K [0x00000000d5f00000, 0x00000000da900000, 0x0000000100000000)
  eden space 48128K, 0% used [0x00000000d5f00000,0x00000000d5f00000,0x00000000d8e00000)
  from space 4096K, 88% used [0x00000000da500000,0x00000000da8878e0,0x00000000da900000)
  to   space 5120K, 0% used [0x00000000d9f00000,0x00000000d9f00000,0x00000000da400000)
 ParOldGen       total 61952K, used 6066K [0x0000000081c00000, 0x0000000085880000, 0x00000000d5f00000)
  object space 61952K, 9% used [0x0000000081c00000,0x00000000821ecb30,0x0000000085880000)
 Metaspace       used 23825K, capacity 24180K, committed 24576K, reserved 1071104K
  class space    used 2851K, capacity 2962K, committed 3072K, reserved 1048576K
}

