# JRE version: Java(TM) SE Runtime Environment (8.0_101-b13) (build 1.8.0_101-b13)
# Java VM: Java HotSpot(TM) 64-Bit Server VM (25.101-b13 mixed mode windows-amd64 compressed oops)
Heap:
 PSYoungGen      total 84992K, used 79006K [0x00000000d5f00000, 0x00000000dc380000, 0x0000000100000000)
  eden space 74752K, 92% used [0x00000000d5f00000,0x00000000da231738,0x00000000da800000)
  from space 10240K, 99% used [0x00000000db300000,0x00000000dbcf6400,0x00000000dbd00000)
  to   space 11264K, 0% used [0x00000000da800000,0x00000000da800000,0x00000000db300000)
 ParOldGen       total 56832K, used 7042K [0x0000000081c00000, 0x0000000085380000, 0x00000000d5f00000)
  object space 56832K, 12% used [0x0000000081c00000,0x00000000822e0a00,0x0000000085380000)
 Metaspace       used 27540K, capacity 27834K, committed 28160K, reserved 1075200K
  class space    used 3253K, capacity 3321K, committed 3328K, reserved 1048576K
GC Heap History (10 events):
Event: 2.856 GC heap before
{Heap before GC invocations=5 (full 1):
 PSYoungGen      total 38400K, used 5109K [0x00000000d5f00000, 0x00000000daa00000, 0x0000000100000000)
  eden space 33280K, 0% used [0x00000000d5f00000,0x00000000d5f00000,0x00000000d7f80000)
  from space 5120K, 99% used [0x00000000d8480000,0x00000000d897d708,0x00000000d8980000)
  to   space 5120K, 0% used [0x00000000d7f80000,0x00000000d7f80000,0x00000000d8480000)
 ParOldGen       total 87552K, used 5477K [0x0000000081c00000, 0x0000000087180000, 0x00000000d5f00000)
  object space 87552K, 6% used [0x0000000081c00000,0x0000000082159560,0x0000000087180000)
 Metaspace       used 20708K, capacity 21002K, committed 21248K, reserved 1069056K
  class space    used 2441K, capacity 2545K, committed 2560K, reserved 1048576K
Event: 2.892 GC heap after
Heap after GC invocations=5 (full 1):
 PSYoungGen      total 38400K, used 0K [0x00000000d5f00000, 0x00000000daa00000, 0x0000000100000000)
  eden space 33280K, 0% used [0x00000000d5f00000,0x00000000d5f00000,0x00000000d7f80000)
  from space 5120K, 0% used [0x00000000d8480000,0x00000000d8480000,0x00000000d8980000)
  to   space 5120K, 0% used [0x00000000d7f80000,0x00000000d7f80000,0x00000000d8480000)
 ParOldGen       total 56832K, used 5963K [0x0000000081c00000, 0x0000000085380000, 0x00000000d5f00000)
  object space 56832K, 10% used [0x0000000081c00000,0x00000000821d2cf0,0x0000000085380000)
 Metaspace       used 20708K, capacity 21002K, committed 21248K, reserved 1069056K
  class space    used 2441K, capacity 2545K, committed 2560K, reserved 1048576K
}
Event: 3.518 GC heap before
{Heap before GC invocations=6 (full 1):
 PSYoungGen      total 38400K, used 33280K [0x00000000d5f00000, 0x00000000daa00000, 0x0000000100000000)
  eden space 33280K, 100% used [0x00000000d5f00000,0x00000000d7f80000,0x00000000d7f80000)
  from space 5120K, 0% used [0x00000000d8480000,0x00000000d8480000,0x00000000d8980000)
  to   space 5120K, 0% used [0x00000000d7f80000,0x00000000d7f80000,0x00000000d8480000)
 ParOldGen       total 56832K, used 5963K [0x0000000081c00000, 0x0000000085380000, 0x00000000d5f00000)
  object space 56832K, 10% used [0x0000000081c00000,0x00000000821d2cf0,0x0000000085380000)
 Metaspace       used 23739K, capacity 23996K, committed 24448K, reserved 1071104K
  class space    used 2816K, capacity 2900K, committed 2944K, reserved 1048576K
Event: 3.521 GC heap after
Heap after GC invocations=6 (full 1):
 PSYoungGen      total 38400K, used 3389K [0x00000000d5f00000, 0x00000000da300000, 0x0000000100000000)
  eden space 33280K, 0% used [0x00000000d5f00000,0x00000000d5f00000,0x00000000d7f80000)
  from space 5120K, 66% used [0x00000000d7f80000,0x00000000d82cf760,0x00000000d8480000)
  to   space 9216K, 0% used [0x00000000d9a00000,0x00000000d9a00000,0x00000000da300000)
 ParOldGen       total 56832K, used 5971K [0x0000000081c00000, 0x0000000085380000, 0x00000000d5f00000)
  object space 56832K, 10% used [0x0000000081c00000,0x00000000821d4cf0,0x0000000085380000)
 Metaspace       used 23739K, capacity 23996K, committed 24448K, reserved 1071104K
  class space    used 2816K, capacity 2900K, committed 2944K, reserved 1048576K
}
Event: 4.115 GC heap before
{Heap before GC invocations=7 (full 1):
 PSYoungGen      total 38400K, used 36669K [0x00000000d5f00000, 0x00000000da300000, 0x0000000100000000)
  eden space 33280K, 100% used [0x00000000d5f00000,0x00000000d7f80000,0x00000000d7f80000)
  from space 5120K, 66% used [0x00000000d7f80000,0x00000000d82cf760,0x00000000d8480000)
  to   space 9216K, 0% used [0x00000000d9a00000,0x00000000d9a00000,0x00000000da300000)
 ParOldGen       total 56832K, used 5971K [0x0000000081c00000, 0x0000000085380000, 0x00000000d5f00000)
  object space 56832K, 10% used [0x0000000081c00000,0x00000000821d4cf0,0x0000000085380000)
 Metaspace       used 25996K, capacity 26254K, committed 26752K, reserved 1073152K
  class space    used 3092K, capacity 3159K, committed 3200K, reserved 1048576K
Event: 4.118 GC heap after
Heap after GC invocations=7 (full 1):
 PSYoungGen      total 58368K, used 3823K [0x00000000d5f00000, 0x00000000da200000, 0x0000000100000000)
  eden space 50176K, 0% used [0x00000000d5f00000,0x00000000d5f00000,0x00000000d9000000)
  from space 8192K, 46% used [0x00000000d9a00000,0x00000000d9dbbd28,0x00000000da200000)
  to   space 9216K, 0% used [0x00000000d9000000,0x00000000d9000000,0x00000000d9900000)
 ParOldGen       total 56832K, used 5979K [0x0000000081c00000, 0x0000000085380000, 0x00000000d5f00000)
  object space 56832K, 10% used [0x0000000081c00000,0x00000000821d6cf0,0x0000000085380000)
 Metaspace       used 25996K, capacity 26254K, committed 26752K, reserved 1073152K
  class space    used 3092K, capacity 3159K, committed 3200K, reserved 1048576K
}
Event: 4.513 GC heap before
{Heap before GC invocations=8 (full 1):
 PSYoungGen      total 58368K, used 53999K [0x00000000d5f00000, 0x00000000da200000, 0x0000000100000000)
  eden space 50176K, 100% used [0x00000000d5f00000,0x00000000d9000000,0x00000000d9000000)
  from space 8192K, 46% used [0x00000000d9a00000,0x00000000d9dbbd28,0x00000000da200000)
  to   space 9216K, 0% used [0x00000000d9000000,0x00000000d9000000,0x00000000d9900000)
 ParOldGen       total 56832K, used 5979K [0x0000000081c00000, 0x0000000085380000, 0x00000000d5f00000)
  object space 56832K, 10% used [0x0000000081c00000,0x00000000821d6cf0,0x0000000085380000)
 Metaspace       used 27168K, capacity 27482K, committed 27904K, reserved 1073152K
  class space    used 3226K, capacity 3289K, committed 3328K, reserved 1048576K
Event: 4.520 GC heap after
Heap after GC invocations=8 (full 1):
 PSYoungGen      total 59392K, used 7820K [0x00000000d5f00000, 0x00000000dbd00000, 0x0000000100000000)
  eden space 50176K, 0% used [0x00000000d5f00000,0x00000000d5f00000,0x00000000d9000000)
  from space 9216K, 84% used [0x00000000d9000000,0x00000000d97a31b0,0x00000000d9900000)
  to   space 10240K, 0% used [0x00000000db300000,0x00000000db300000,0x00000000dbd00000)
 ParOldGen       total 56832K, used 5987K [0x0000000081c00000, 0x0000000085380000, 0x00000000d5f00000)
  object space 56832K, 10% used [0x0000000081c00000,0x00000000821d8cf0,0x0000000085380000)
 Metaspace       used 27168K, capacity 27482K, committed 27904K, reserved 1073152K
  class space    used 3226K, capacity 3289K, committed 3328K, reserved 1048576K
}
Event: 4.695 GC heap before
{Heap before GC invocations=9 (full 1):
 PSYoungGen      total 59392K, used 57996K [0x00000000d5f00000, 0x00000000dbd00000, 0x0000000100000000)
  eden space 50176K, 100% used [0x00000000d5f00000,0x00000000d9000000,0x00000000d9000000)
  from space 9216K, 84% used [0x00000000d9000000,0x00000000d97a31b0,0x00000000d9900000)
  to   space 10240K, 0% used [0x00000000db300000,0x00000000db300000,0x00000000dbd00000)
 ParOldGen       total 56832K, used 5987K [0x0000000081c00000, 0x0000000085380000, 0x00000000d5f00000)
  object space 56832K, 10% used [0x0000000081c00000,0x00000000821d8cf0,0x0000000085380000)
 Metaspace       used 27220K, capacity 27482K, committed 27904K, reserved 1073152K
  class space    used 3226K, capacity 3289K, committed 3328K, reserved 1048576K
Event: 4.702 GC heap after
Heap after GC invocations=9 (full 1):
 PSYoungGen      total 84992K, used 10201K [0x00000000d5f00000, 0x00000000dc380000, 0x0000000100000000)
  eden space 74752K, 0% used [0x00000000d5f00000,0x00000000d5f00000,0x00000000da800000)
  from space 10240K, 99% used [0x00000000db300000,0x00000000dbcf6400,0x00000000dbd00000)
  to   space 11264K, 0% used [0x00000000da800000,0x00000000da800000,0x00000000db300000)
 ParOldGen       total 56832K, used 7042K [0x0000000081c00000, 0x0000000085380000, 0x00000000d5f00000)
  object space 56832K, 12% used [0x0000000081c00000,0x00000000822e0a00,0x0000000085380000)
 Metaspace       used 27220K, capacity 27482K, committed 27904K, reserved 1073152K
  class space    used 3226K, capacity 3289K, committed 3328K, reserved 1048576K
}

