# JRE version: Java(TM) SE Runtime Environment (8.0_101-b13) (build 1.8.0_101-b13)
# Java VM: Java HotSpot(TM) 64-Bit Server VM (25.101-b13 mixed mode windows-amd64 compressed oops)
Heap:
 PSYoungGen      total 112640K, used 86810K [0x00000000d5f00000, 0x00000000ddb00000, 0x0000000100000000)
  eden space 103936K, 75% used [0x00000000d5f00000,0x00000000dab4b648,0x00000000dc480000)
  from space 8704K, 99% used [0x00000000dcf00000,0x00000000dd77b2f0,0x00000000dd780000)
  to   space 10752K, 0% used [0x00000000dc480000,0x00000000dc480000,0x00000000dcf00000)
 ParOldGen       total 55296K, used 8375K [0x0000000081c00000, 0x0000000085200000, 0x00000000d5f00000)
  object space 55296K, 15% used [0x0000000081c00000,0x000000008242dca8,0x0000000085200000)
 Metaspace       used 27361K, capacity 27706K, committed 28160K, reserved 1075200K
  class space    used 3234K, capacity 3321K, committed 3328K, reserved 1048576K
GC Heap History (10 events):
Event: 2.001 GC heap before
{Heap before GC invocations=3 (full 0):
 PSYoungGen      total 38400K, used 38392K [0x00000000d5f00000, 0x00000000d8980000, 0x0000000100000000)
  eden space 33280K, 100% used [0x00000000d5f00000,0x00000000d7f80000,0x00000000d7f80000)
  from space 5120K, 99% used [0x00000000d8480000,0x00000000d897e3b0,0x00000000d8980000)
  to   space 5120K, 0% used [0x00000000d7f80000,0x00000000d7f80000,0x00000000d8480000)
 ParOldGen       total 87552K, used 2937K [0x0000000081c00000, 0x0000000087180000, 0x00000000d5f00000)
  object space 87552K, 3% used [0x0000000081c00000,0x0000000081ede690,0x0000000087180000)
 Metaspace       used 20060K, capacity 20330K, committed 20736K, reserved 1067008K
  class space    used 2353K, capacity 2449K, committed 2560K, reserved 1048576K
Event: 2.007 GC heap after
Heap after GC invocations=3 (full 0):
 PSYoungGen      total 38400K, used 5111K [0x00000000d5f00000, 0x00000000daa00000, 0x0000000100000000)
  eden space 33280K, 0% used [0x00000000d5f00000,0x00000000d5f00000,0x00000000d7f80000)
  from space 5120K, 99% used [0x00000000d7f80000,0x00000000d847dc08,0x00000000d8480000)
  to   space 5120K, 0% used [0x00000000da500000,0x00000000da500000,0x00000000daa00000)
 ParOldGen       total 87552K, used 5176K [0x0000000081c00000, 0x0000000087180000, 0x00000000d5f00000)
  object space 87552K, 5% used [0x0000000081c00000,0x000000008210e098,0x0000000087180000)
 Metaspace       used 20060K, capacity 20330K, committed 20736K, reserved 1067008K
  class space    used 2353K, capacity 2449K, committed 2560K, reserved 1048576K
}
Event: 2.069 GC heap before
{Heap before GC invocations=4 (full 0):
 PSYoungGen      total 38400K, used 8377K [0x00000000d5f00000, 0x00000000daa00000, 0x0000000100000000)
  eden space 33280K, 9% used [0x00000000d5f00000,0x00000000d6230be0,0x00000000d7f80000)
  from space 5120K, 99% used [0x00000000d7f80000,0x00000000d847dc08,0x00000000d8480000)
  to   space 5120K, 0% used [0x00000000da500000,0x00000000da500000,0x00000000daa00000)
 ParOldGen       total 87552K, used 5176K [0x0000000081c00000, 0x0000000087180000, 0x00000000d5f00000)
  object space 87552K, 5% used [0x0000000081c00000,0x000000008210e098,0x0000000087180000)
 Metaspace       used 20707K, capacity 21002K, committed 21248K, reserved 1069056K
  class space    used 2439K, capacity 2545K, committed 2560K, reserved 1048576K
Event: 2.074 GC heap after
Heap after GC invocations=4 (full 0):
 PSYoungGen      total 71680K, used 5116K [0x00000000d5f00000, 0x00000000daa00000, 0x0000000100000000)
  eden space 66560K, 0% used [0x00000000d5f00000,0x00000000d5f00000,0x00000000da000000)
  from space 5120K, 99% used [0x00000000da500000,0x00000000da9ff2d0,0x00000000daa00000)
  to   space 5120K, 0% used [0x00000000da000000,0x00000000da000000,0x00000000da500000)
 ParOldGen       total 87552K, used 5447K [0x0000000081c00000, 0x0000000087180000, 0x00000000d5f00000)
  object space 87552K, 6% used [0x0000000081c00000,0x0000000082151c78,0x0000000087180000)
 Metaspace       used 20707K, capacity 21002K, committed 21248K, reserved 1069056K
  class space    used 2439K, capacity 2545K, committed 2560K, reserved 1048576K
}
Event: 2.074 GC heap before
{Heap before GC invocations=5 (full 1):
 PSYoungGen      total 71680K, used 5116K [0x00000000d5f00000, 0x00000000daa00000, 0x0000000100000000)
  eden space 66560K, 0% used [0x00000000d5f00000,0x00000000d5f00000,0x00000000da000000)
  from space 5120K, 99% used [0x00000000da500000,0x00000000da9ff2d0,0x00000000daa00000)
  to   space 5120K, 0% used [0x00000000da000000,0x00000000da000000,0x00000000da500000)
 ParOldGen       total 87552K, used 5447K [0x0000000081c00000, 0x0000000087180000, 0x00000000d5f00000)
  object space 87552K, 6% used [0x0000000081c00000,0x0000000082151c78,0x0000000087180000)
 Metaspace       used 20707K, capacity 21002K, committed 21248K, reserved 1069056K
  class space    used 2439K, capacity 2545K, committed 2560K, reserved 1048576K
Event: 2.102 GC heap after
Heap after GC invocations=5 (full 1):
 PSYoungGen      total 71680K, used 0K [0x00000000d5f00000, 0x00000000daa00000, 0x0000000100000000)
  eden space 66560K, 0% used [0x00000000d5f00000,0x00000000d5f00000,0x00000000da000000)
  from space 5120K, 0% used [0x00000000da500000,0x00000000da500000,0x00000000daa00000)
  to   space 5120K, 0% used [0x00000000da000000,0x00000000da000000,0x00000000da500000)
 ParOldGen       total 55296K, used 5943K [0x0000000081c00000, 0x0000000085200000, 0x00000000d5f00000)
  object space 55296K, 10% used [0x0000000081c00000,0x00000000821cdc98,0x0000000085200000)
 Metaspace       used 20707K, capacity 21002K, committed 21248K, reserved 1069056K
  class space    used 2439K, capacity 2545K, committed 2560K, reserved 1048576K
}
Event: 3.123 GC heap before
{Heap before GC invocations=6 (full 1):
 PSYoungGen      total 71680K, used 66560K [0x00000000d5f00000, 0x00000000daa00000, 0x0000000100000000)
  eden space 66560K, 100% used [0x00000000d5f00000,0x00000000da000000,0x00000000da000000)
  from space 5120K, 0% used [0x00000000da500000,0x00000000da500000,0x00000000daa00000)
  to   space 5120K, 0% used [0x00000000da000000,0x00000000da000000,0x00000000da500000)
 ParOldGen       total 55296K, used 5943K [0x0000000081c00000, 0x0000000085200000, 0x00000000d5f00000)
  object space 55296K, 10% used [0x0000000081c00000,0x00000000821cdc98,0x0000000085200000)
 Metaspace       used 25909K, capacity 26190K, committed 26496K, reserved 1073152K
  class space    used 3080K, capacity 3159K, committed 3200K, reserved 1048576K
Event: 3.128 GC heap after
Heap after GC invocations=6 (full 1):
 PSYoungGen      total 71680K, used 5107K [0x00000000d5f00000, 0x00000000dd780000, 0x0000000100000000)
  eden space 66560K, 0% used [0x00000000d5f00000,0x00000000d5f00000,0x00000000da000000)
  from space 5120K, 99% used [0x00000000da000000,0x00000000da4fceb0,0x00000000da500000)
  to   space 8704K, 0% used [0x00000000dcf00000,0x00000000dcf00000,0x00000000dd780000)
 ParOldGen       total 55296K, used 6626K [0x0000000081c00000, 0x0000000085200000, 0x00000000d5f00000)
  object space 55296K, 11% used [0x0000000081c00000,0x00000000822789b8,0x0000000085200000)
 Metaspace       used 25909K, capacity 26190K, committed 26496K, reserved 1073152K
  class space    used 3080K, capacity 3159K, committed 3200K, reserved 1048576K
}
Event: 3.543 GC heap before
{Heap before GC invocations=7 (full 1):
 PSYoungGen      total 71680K, used 71667K [0x00000000d5f00000, 0x00000000dd780000, 0x0000000100000000)
  eden space 66560K, 100% used [0x00000000d5f00000,0x00000000da000000,0x00000000da000000)
  from space 5120K, 99% used [0x00000000da000000,0x00000000da4fceb0,0x00000000da500000)
  to   space 8704K, 0% used [0x00000000dcf00000,0x00000000dcf00000,0x00000000dd780000)
 ParOldGen       total 55296K, used 6626K [0x0000000081c00000, 0x0000000085200000, 0x00000000d5f00000)
  object space 55296K, 11% used [0x0000000081c00000,0x00000000822789b8,0x0000000085200000)
 Metaspace       used 27205K, capacity 27482K, committed 27904K, reserved 1073152K
  class space    used 3221K, capacity 3289K, committed 3328K, reserved 1048576K
Event: 3.550 GC heap after
Heap after GC invocations=7 (full 1):
 PSYoungGen      total 112640K, used 8684K [0x00000000d5f00000, 0x00000000ddb00000, 0x0000000100000000)
  eden space 103936K, 0% used [0x00000000d5f00000,0x00000000d5f00000,0x00000000dc480000)
  from space 8704K, 99% used [0x00000000dcf00000,0x00000000dd77b2f0,0x00000000dd780000)
  to   space 10752K, 0% used [0x00000000dc480000,0x00000000dc480000,0x00000000dcf00000)
 ParOldGen       total 55296K, used 8375K [0x0000000081c00000, 0x0000000085200000, 0x00000000d5f00000)
  object space 55296K, 15% used [0x0000000081c00000,0x000000008242dca8,0x0000000085200000)
 Metaspace       used 27205K, capacity 27482K, committed 27904K, reserved 1073152K
  class space    used 3221K, capacity 3289K, committed 3328K, reserved 1048576K
}

